<?xml version="1.0" encoding="UTF-8"?>
<!-- Generated by org.testng.reporters.JUnitXMLReporter -->
<testsuite ignored="0" hostname="DESKTOP-HUP43CN" failures="1" tests="2" name="Error Valiation" time="59.102" errors="0" timestamp="2025-07-26T22:40:58 IST">
  <testcase classname="rahulshettyacademy.test.ErrorValidationTest" name="loginErrorValidation" time="8.071">
    <failure type="java.lang.AssertionError" message="expected [Incorrect email or password.] but found [Incorrect emai or password.]">
      <![CDATA[java.lang.AssertionError: expected [Incorrect email or password.] but found [Incorrect emai or password.]
at rahulshettyacademy.test.ErrorValidationTest.loginErrorValidation(ErrorValidationTest.java:22)
at java.base/java.util.ArrayList.forEach(ArrayList.java:1511)
... Removed 37 stack frames]]>
    </failure>
  </testcase> <!-- loginErrorValidation -->
  <testcase classname="rahulshettyacademy.test.ErrorValidationTest" name="productErrorValidation" time="19.621"/>
</testsuite> <!-- Error Valiation -->
