<?xml version="1.0" encoding="UTF-8"?>
<!-- Generated by org.testng.reporters.JUnitXMLReporter -->
<testsuite ignored="0" hostname="DESKTOP-HUP43CN" failures="1" tests="2" name="Purchase Order" time="69.859" errors="0" timestamp="2025-07-26T23:14:40 IST">
  <testcase classname="rahulshettyacademy.test.SubmitOrderTest" name="main" time="20.672"/>
  <testcase classname="rahulshettyacademy.test.SubmitOrderTest" name="main" time="6.905">
    <failure type="java.lang.NullPointerException" message="Cannot invoke &amp;quot;org.openqa.selenium.WebElement.findElement(org.openqa.selenium.By)&amp;quot; because &amp;quot;reqProduct&amp;quot; is null">
      <![CDATA[java.lang.NullPointerException: Cannot invoke "org.openqa.selenium.WebElement.findElement(org.openqa.selenium.By)" because "reqProduct" is null
at rahulshettyacademy.pageobject.ProductCatalogue.addToCart(ProductCatalogue.java:51)
at rahulshettyacademy.test.SubmitOrderTest.main(SubmitOrderTest.java:29)
at java.base/java.util.ArrayList.forEach(ArrayList.java:1511)
... Removed 31 stack frames]]>
    </failure>
  </testcase> <!-- main -->
</testsuite> <!-- Purchase Order -->
