<?xml version="1.0" encoding="UTF-8"?>
<testng-results ignored="0" total="2" passed="1" failed="1" skipped="0">
  <reporter-output>
  </reporter-output>
  <suite started-at="2025-07-26T23:13:30 IST" name="Suite" finished-at="2025-07-26T23:14:40 IST" duration-ms="69859">
    <groups>
    </groups>
    <test started-at="2025-07-26T23:13:30 IST" name="Purchase Order" finished-at="2025-07-26T23:14:40 IST" duration-ms="69859">
      <class name="rahulshettyacademy.test.SubmitOrderTest">
        <test-method is-config="true" signature="launchDriver()[pri:0, instance:rahulshettyacademy.test.SubmitOrderTest@368247b9]" started-at="2025-07-26T23:13:31 IST" name="launchDriver" finished-at="2025-07-26T23:13:59 IST" duration-ms="28634" status="PASS">
          <reporter-output>
          </reporter-output>
        </test-method> <!-- launchDriver -->
        <test-method signature="main(java.util.HashMap)[pri:0, instance:rahulshettyacademy.test.SubmitOrderTest@368247b9]" started-at="2025-07-26T23:13:59 IST" name="main" data-provider="getData" finished-at="2025-07-26T23:14:20 IST" duration-ms="20672" status="PASS">
          <params>
            <param index="0">
              <value>
                <![CDATA[{name=ZARA COAT 3, country=india, email=siddugk123@gmail.com, Password=Satish1998}]]>
              </value>
            </param>
          </params>
          <reporter-output>
          </reporter-output>
        </test-method> <!-- main -->
        <test-method is-config="true" signature="teardown()[pri:0, instance:rahulshettyacademy.test.SubmitOrderTest@368247b9]" started-at="2025-07-26T23:14:20 IST" name="teardown" finished-at="2025-07-26T23:14:20 IST" duration-ms="314" status="PASS">
          <reporter-output>
          </reporter-output>
        </test-method> <!-- teardown -->
        <test-method is-config="true" signature="launchDriver()[pri:0, instance:rahulshettyacademy.test.SubmitOrderTest@368247b9]" started-at="2025-07-26T23:14:20 IST" name="launchDriver" finished-at="2025-07-26T23:14:32 IST" duration-ms="11928" status="PASS">
          <reporter-output>
          </reporter-output>
        </test-method> <!-- launchDriver -->
        <test-method signature="main(java.util.HashMap)[pri:0, instance:rahulshettyacademy.test.SubmitOrderTest@368247b9]" started-at="2025-07-26T23:14:32 IST" name="main" data-provider="getData" finished-at="2025-07-26T23:14:39 IST" duration-ms="6905" status="FAIL">
          <params>
            <param index="0">
              <value>
                <![CDATA[{name=ZARA COAT 2, country=japan, email=siddugk123@gmail.com, Password=Satish1998}]]>
              </value>
            </param>
          </params>
          <exception class="java.lang.NullPointerException">
            <message>
              <![CDATA[Cannot invoke "org.openqa.selenium.WebElement.findElement(org.openqa.selenium.By)" because "reqProduct" is null]]>
            </message>
            <full-stacktrace>
              <![CDATA[java.lang.NullPointerException: Cannot invoke "org.openqa.selenium.WebElement.findElement(org.openqa.selenium.By)" because "reqProduct" is null
at rahulshettyacademy.pageobject.ProductCatalogue.addToCart(ProductCatalogue.java:51)
at rahulshettyacademy.test.SubmitOrderTest.main(SubmitOrderTest.java:29)
at java.base/jdk.internal.reflect.NativeMethodAccessorImpl.invoke0(Native Method)
at java.base/jdk.internal.reflect.NativeMethodAccessorImpl.invoke(NativeMethodAccessorImpl.java:77)
at java.base/jdk.internal.reflect.DelegatingMethodAccessorImpl.invoke(DelegatingMethodAccessorImpl.java:43)
at java.base/java.lang.reflect.Method.invoke(Method.java:568)
at org.testng.internal.MethodInvocationHelper.invokeMethod(MethodInvocationHelper.java:133)
at org.testng.internal.TestInvoker.invokeMethod(TestInvoker.java:598)
at org.testng.internal.TestInvoker.invokeTestMethod(TestInvoker.java:173)
at org.testng.internal.MethodRunner.runInSequence(MethodRunner.java:46)
at org.testng.internal.TestInvoker$MethodInvocationAgent.invoke(TestInvoker.java:824)
at org.testng.internal.TestInvoker.invokeTestMethods(TestInvoker.java:146)
at org.testng.internal.TestMethodWorker.invokeTestMethods(TestMethodWorker.java:146)
at org.testng.internal.TestMethodWorker.run(TestMethodWorker.java:128)
at java.base/java.util.ArrayList.forEach(ArrayList.java:1511)
at org.testng.TestRunner.privateRun(TestRunner.java:794)
at org.testng.TestRunner.run(TestRunner.java:596)
at org.testng.SuiteRunner.runTest(SuiteRunner.java:377)
at org.testng.SuiteRunner.runSequentially(SuiteRunner.java:371)
at org.testng.SuiteRunner.privateRun(SuiteRunner.java:332)
at org.testng.SuiteRunner.run(SuiteRunner.java:276)
at org.testng.SuiteRunnerWorker.runSuite(SuiteRunnerWorker.java:53)
at org.testng.SuiteRunnerWorker.run(SuiteRunnerWorker.java:96)
at org.testng.TestNG.runSuitesSequentially(TestNG.java:1212)
at org.testng.TestNG.runSuitesLocally(TestNG.java:1134)
at org.testng.TestNG.runSuites(TestNG.java:1063)
at org.testng.TestNG.run(TestNG.java:1031)
at org.apache.maven.surefire.testng.TestNGExecutor.run(TestNGExecutor.java:308)
at org.apache.maven.surefire.testng.TestNGXmlTestSuite.execute(TestNGXmlTestSuite.java:71)
at org.apache.maven.surefire.testng.TestNGProvider.invoke(TestNGProvider.java:113)
at org.apache.maven.surefire.booter.ForkedBooter.runSuitesInProcess(ForkedBooter.java:385)
at org.apache.maven.surefire.booter.ForkedBooter.execute(ForkedBooter.java:162)
at org.apache.maven.surefire.booter.ForkedBooter.run(ForkedBooter.java:507)
at org.apache.maven.surefire.booter.ForkedBooter.main(ForkedBooter.java:495)
]]>
            </full-stacktrace>
          </exception> <!-- java.lang.NullPointerException -->
          <reporter-output>
          </reporter-output>
        </test-method> <!-- main -->
        <test-method is-config="true" signature="teardown()[pri:0, instance:rahulshettyacademy.test.SubmitOrderTest@368247b9]" started-at="2025-07-26T23:14:39 IST" name="teardown" finished-at="2025-07-26T23:14:40 IST" duration-ms="485" status="PASS">
          <reporter-output>
          </reporter-output>
        </test-method> <!-- teardown -->
      </class> <!-- rahulshettyacademy.test.SubmitOrderTest -->
    </test> <!-- Purchase Order -->
  </suite> <!-- Suite -->
</testng-results>
